<?xml version="1.0" encoding="UTF-8"?>
<testsuite xmlns:xsi="http://www.w3.org/2001/XMLSchema-instance" xsi:noNamespaceSchemaLocation="https://maven.apache.org/surefire/maven-surefire-plugin/xsd/surefire-test-report-3.0.xsd" version="3.0" name="human_ressources.UserServiceTest" time="7.726" tests="1" errors="0" skipped="0" failures="0">
  <properties>
    <property name="java.specification.version" value="20"/>
    <property name="sun.cpu.isalist" value="amd64"/>
    <property name="sun.jnu.encoding" value="Cp1252"/>
    <property name="java.class.path" value="C:\Users\ahmed\eclipse-workspace\human_ressources\target\test-classes;C:\Users\ahmed\eclipse-workspace\human_ressources\target\classes;C:\Users\ahmed\.m2\repository\jakarta\servlet\jsp\jstl\jakarta.servlet.jsp.jstl-api\3.0.0\jakarta.servlet.jsp.jstl-api-3.0.0.jar;C:\Users\ahmed\.m2\repository\jakarta\servlet\jakarta.servlet-api\6.0.0\jakarta.servlet-api-6.0.0.jar;C:\Users\ahmed\.m2\repository\jakarta\el\jakarta.el-api\5.0.0\jakarta.el-api-5.0.0.jar;C:\Users\ahmed\.m2\repository\com\google\code\gson\gson\2.10.1\gson-2.10.1.jar;C:\Users\ahmed\.m2\repository\org\glassfish\web\jakarta.servlet.jsp.jstl\3.0.1\jakarta.servlet.jsp.jstl-3.0.1.jar;C:\Users\ahmed\.m2\repository\org\mindrot\jbcrypt\0.4\jbcrypt-0.4.jar;C:\Users\ahmed\.m2\repository\org\json\json\20231013\json-20231013.jar;C:\Users\ahmed\.m2\repository\junit\junit\4.13.2\junit-4.13.2.jar;C:\Users\ahmed\.m2\repository\org\hamcrest\hamcrest-core\1.3\hamcrest-core-1.3.jar;C:\Users\ahmed\.m2\repository\org\hibernate\orm\hibernate-core\6.2.2.Final\hibernate-core-6.2.2.Final.jar;C:\Users\ahmed\.m2\repository\jakarta\persistence\jakarta.persistence-api\3.1.0\jakarta.persistence-api-3.1.0.jar;C:\Users\ahmed\.m2\repository\jakarta\transaction\jakarta.transaction-api\2.0.1\jakarta.transaction-api-2.0.1.jar;C:\Users\ahmed\.m2\repository\org\jboss\logging\jboss-logging\3.5.0.Final\jboss-logging-3.5.0.Final.jar;C:\Users\ahmed\.m2\repository\org\hibernate\common\hibernate-commons-annotations\6.0.6.Final\hibernate-commons-annotations-6.0.6.Final.jar;C:\Users\ahmed\.m2\repository\io\smallrye\jandex\3.0.5\jandex-3.0.5.jar;C:\Users\ahmed\.m2\repository\com\fasterxml\classmate\1.5.1\classmate-1.5.1.jar;C:\Users\ahmed\.m2\repository\net\bytebuddy\byte-buddy\1.12.18\byte-buddy-1.12.18.jar;C:\Users\ahmed\.m2\repository\jakarta\xml\bind\jakarta.xml.bind-api\4.0.0\jakarta.xml.bind-api-4.0.0.jar;C:\Users\ahmed\.m2\repository\jakarta\activation\jakarta.activation-api\2.1.0\jakarta.activation-api-2.1.0.jar;C:\Users\ahmed\.m2\repository\org\glassfish\jaxb\jaxb-runtime\4.0.2\jaxb-runtime-4.0.2.jar;C:\Users\ahmed\.m2\repository\org\glassfish\jaxb\jaxb-core\4.0.2\jaxb-core-4.0.2.jar;C:\Users\ahmed\.m2\repository\org\eclipse\angus\angus-activation\2.0.0\angus-activation-2.0.0.jar;C:\Users\ahmed\.m2\repository\org\glassfish\jaxb\txw2\4.0.2\txw2-4.0.2.jar;C:\Users\ahmed\.m2\repository\com\sun\istack\istack-commons-runtime\4.1.1\istack-commons-runtime-4.1.1.jar;C:\Users\ahmed\.m2\repository\jakarta\inject\jakarta.inject-api\2.0.1\jakarta.inject-api-2.0.1.jar;C:\Users\ahmed\.m2\repository\org\antlr\antlr4-runtime\4.10.1\antlr4-runtime-4.10.1.jar;C:\Users\ahmed\.m2\repository\com\mysql\mysql-connector-j\8.1.0\mysql-connector-j-8.1.0.jar;C:\Users\ahmed\.m2\repository\com\google\protobuf\protobuf-java\3.21.9\protobuf-java-3.21.9.jar;C:\Users\ahmed\.m2\repository\org\apache\tomcat\tomcat-annotations-api\10.0.27\tomcat-annotations-api-10.0.27.jar;C:\Users\ahmed\.m2\repository\org\apache\tomcat\tomcat-catalina-ant\10.0.27\tomcat-catalina-ant-10.0.27.jar;C:\Users\ahmed\.m2\repository\org\apache\tomcat\tomcat-catalina-ha\10.0.27\tomcat-catalina-ha-10.0.27.jar;C:\Users\ahmed\.m2\repository\org\apache\tomcat\tomcat-juli\10.0.27\tomcat-juli-10.0.27.jar;C:\Users\ahmed\.m2\repository\org\apache\tomcat\tomcat-ssi\10.0.27\tomcat-ssi-10.0.27.jar;C:\Users\ahmed\.m2\repository\org\apache\tomcat\tomcat-storeconfig\10.0.27\tomcat-storeconfig-10.0.27.jar;C:\Users\ahmed\.m2\repository\org\apache\tomcat\tomcat-tribes\10.0.27\tomcat-tribes-10.0.27.jar;C:\Users\ahmed\.m2\repository\org\apache\tomcat\tomcat-catalina\10.0.27\tomcat-catalina-10.0.27.jar;C:\Users\ahmed\.m2\repository\org\eclipse\jdt\ecj\3.26.0\ecj-3.26.0.jar;C:\Users\ahmed\.m2\repository\org\apache\tomcat\tomcat-el-api\10.0.27\tomcat-el-api-10.0.27.jar;C:\Users\ahmed\.m2\repository\org\apache\tomcat\jakartaee-migration\1.0.4\jakartaee-migration-1.0.4.jar;C:\Users\ahmed\.m2\repository\org\apache\bcel\bcel\6.5.0\bcel-6.5.0.jar;C:\Users\ahmed\.m2\repository\org\apache\commons\commons-compress\1.21\commons-compress-1.21.jar;C:\Users\ahmed\.m2\repository\commons-io\commons-io\2.11.0\commons-io-2.11.0.jar;C:\Users\ahmed\.m2\repository\org\apache\tomcat\tomcat-jasper-el\10.0.27\tomcat-jasper-el-10.0.27.jar;C:\Users\ahmed\.m2\repository\org\apache\tomcat\tomcat-jasper\10.0.27\tomcat-jasper-10.0.27.jar;C:\Users\ahmed\.m2\repository\org\apache\tomcat\tomcat-jaspic-api\10.0.27\tomcat-jaspic-api-10.0.27.jar;C:\Users\ahmed\.m2\repository\org\apache\tomcat\tomcat-jsp-api\10.0.27\tomcat-jsp-api-10.0.27.jar;C:\Users\ahmed\.m2\repository\org\apache\tomcat\tomcat-servlet-api\10.0.27\tomcat-servlet-api-10.0.27.jar;C:\Users\ahmed\.m2\repository\org\apache\tomcat\tomcat-api\10.0.27\tomcat-api-10.0.27.jar;C:\Users\ahmed\.m2\repository\org\apache\tomcat\tomcat-coyote\10.0.27\tomcat-coyote-10.0.27.jar;C:\Users\ahmed\.m2\repository\org\apache\tomcat\tomcat-dbcp\10.0.27\tomcat-dbcp-10.0.27.jar;C:\Users\ahmed\.m2\repository\org\apache\tomcat\tomcat-i18n-cs\10.0.27\tomcat-i18n-cs-10.0.27.jar;C:\Users\ahmed\.m2\repository\org\apache\tomcat\tomcat-i18n-de\10.0.27\tomcat-i18n-de-10.0.27.jar;C:\Users\ahmed\.m2\repository\org\apache\tomcat\tomcat-i18n-es\10.0.27\tomcat-i18n-es-10.0.27.jar;C:\Users\ahmed\.m2\repository\org\apache\tomcat\tomcat-i18n-fr\10.0.27\tomcat-i18n-fr-10.0.27.jar;C:\Users\ahmed\.m2\repository\org\apache\tomcat\tomcat-i18n-ja\10.0.27\tomcat-i18n-ja-10.0.27.jar;C:\Users\ahmed\.m2\repository\org\apache\tomcat\tomcat-i18n-ko\10.0.27\tomcat-i18n-ko-10.0.27.jar;C:\Users\ahmed\.m2\repository\org\apache\tomcat\tomcat-i18n-pt-BR\10.0.27\tomcat-i18n-pt-BR-10.0.27.jar;C:\Users\ahmed\.m2\repository\org\apache\tomcat\tomcat-i18n-ru\10.0.27\tomcat-i18n-ru-10.0.27.jar;C:\Users\ahmed\.m2\repository\org\apache\tomcat\tomcat-i18n-zh-CN\10.0.27\tomcat-i18n-zh-CN-10.0.27.jar;C:\Users\ahmed\.m2\repository\org\apache\tomcat\tomcat-jdbc\10.0.27\tomcat-jdbc-10.0.27.jar;C:\Users\ahmed\.m2\repository\org\apache\tomcat\tomcat-jni\10.0.27\tomcat-jni-10.0.27.jar;C:\Users\ahmed\.m2\repository\org\apache\tomcat\tomcat-util-scan\10.0.27\tomcat-util-scan-10.0.27.jar;C:\Users\ahmed\.m2\repository\org\apache\tomcat\tomcat-util\10.0.27\tomcat-util-10.0.27.jar;C:\Users\ahmed\.m2\repository\org\apache\tomcat\tomcat-websocket\10.0.27\tomcat-websocket-10.0.27.jar;C:\Users\ahmed\.m2\repository\org\apache\tomcat\tomcat-websocket-api\10.0.27\tomcat-websocket-api-10.0.27.jar;"/>
    <property name="java.vm.vendor" value="Oracle Corporation"/>
    <property name="sun.arch.data.model" value="64"/>
    <property name="user.variant" value=""/>
    <property name="java.vendor.url" value="https://java.oracle.com/"/>
    <property name="user.timezone" value="Africa/Casablanca"/>
    <property name="os.name" value="Windows 10"/>
    <property name="java.vm.specification.version" value="20"/>
    <property name="sun.java.launcher" value="SUN_STANDARD"/>
    <property name="user.country" value="FR"/>
    <property name="sun.boot.library.path" value="C:\Program Files\Java\jdk-20\bin"/>
    <property name="sun.java.command" value="C:\Users\ahmed\AppData\Local\Temp\surefire6397452299156779584\surefirebooter-20231025152237911_3.jar C:\Users\ahmed\AppData\Local\Temp\surefire6397452299156779584 2023-10-25T15-22-28_013-jvmRun1 surefire-20231025152237911_1tmp surefire_0-20231025152237911_2tmp"/>
    <property name="jdk.debug" value="release"/>
    <property name="surefire.test.class.path" value="C:\Users\ahmed\eclipse-workspace\human_ressources\target\test-classes;C:\Users\ahmed\eclipse-workspace\human_ressources\target\classes;C:\Users\ahmed\.m2\repository\jakarta\servlet\jsp\jstl\jakarta.servlet.jsp.jstl-api\3.0.0\jakarta.servlet.jsp.jstl-api-3.0.0.jar;C:\Users\ahmed\.m2\repository\jakarta\servlet\jakarta.servlet-api\6.0.0\jakarta.servlet-api-6.0.0.jar;C:\Users\ahmed\.m2\repository\jakarta\el\jakarta.el-api\5.0.0\jakarta.el-api-5.0.0.jar;C:\Users\ahmed\.m2\repository\com\google\code\gson\gson\2.10.1\gson-2.10.1.jar;C:\Users\ahmed\.m2\repository\org\glassfish\web\jakarta.servlet.jsp.jstl\3.0.1\jakarta.servlet.jsp.jstl-3.0.1.jar;C:\Users\ahmed\.m2\repository\org\mindrot\jbcrypt\0.4\jbcrypt-0.4.jar;C:\Users\ahmed\.m2\repository\org\json\json\20231013\json-20231013.jar;C:\Users\ahmed\.m2\repository\junit\junit\4.13.2\junit-4.13.2.jar;C:\Users\ahmed\.m2\repository\org\hamcrest\hamcrest-core\1.3\hamcrest-core-1.3.jar;C:\Users\ahmed\.m2\repository\org\hibernate\orm\hibernate-core\6.2.2.Final\hibernate-core-6.2.2.Final.jar;C:\Users\ahmed\.m2\repository\jakarta\persistence\jakarta.persistence-api\3.1.0\jakarta.persistence-api-3.1.0.jar;C:\Users\ahmed\.m2\repository\jakarta\transaction\jakarta.transaction-api\2.0.1\jakarta.transaction-api-2.0.1.jar;C:\Users\ahmed\.m2\repository\org\jboss\logging\jboss-logging\3.5.0.Final\jboss-logging-3.5.0.Final.jar;C:\Users\ahmed\.m2\repository\org\hibernate\common\hibernate-commons-annotations\6.0.6.Final\hibernate-commons-annotations-6.0.6.Final.jar;C:\Users\ahmed\.m2\repository\io\smallrye\jandex\3.0.5\jandex-3.0.5.jar;C:\Users\ahmed\.m2\repository\com\fasterxml\classmate\1.5.1\classmate-1.5.1.jar;C:\Users\ahmed\.m2\repository\net\bytebuddy\byte-buddy\1.12.18\byte-buddy-1.12.18.jar;C:\Users\ahmed\.m2\repository\jakarta\xml\bind\jakarta.xml.bind-api\4.0.0\jakarta.xml.bind-api-4.0.0.jar;C:\Users\ahmed\.m2\repository\jakarta\activation\jakarta.activation-api\2.1.0\jakarta.activation-api-2.1.0.jar;C:\Users\ahmed\.m2\repository\org\glassfish\jaxb\jaxb-runtime\4.0.2\jaxb-runtime-4.0.2.jar;C:\Users\ahmed\.m2\repository\org\glassfish\jaxb\jaxb-core\4.0.2\jaxb-core-4.0.2.jar;C:\Users\ahmed\.m2\repository\org\eclipse\angus\angus-activation\2.0.0\angus-activation-2.0.0.jar;C:\Users\ahmed\.m2\repository\org\glassfish\jaxb\txw2\4.0.2\txw2-4.0.2.jar;C:\Users\ahmed\.m2\repository\com\sun\istack\istack-commons-runtime\4.1.1\istack-commons-runtime-4.1.1.jar;C:\Users\ahmed\.m2\repository\jakarta\inject\jakarta.inject-api\2.0.1\jakarta.inject-api-2.0.1.jar;C:\Users\ahmed\.m2\repository\org\antlr\antlr4-runtime\4.10.1\antlr4-runtime-4.10.1.jar;C:\Users\ahmed\.m2\repository\com\mysql\mysql-connector-j\8.1.0\mysql-connector-j-8.1.0.jar;C:\Users\ahmed\.m2\repository\com\google\protobuf\protobuf-java\3.21.9\protobuf-java-3.21.9.jar;C:\Users\ahmed\.m2\repository\org\apache\tomcat\tomcat-annotations-api\10.0.27\tomcat-annotations-api-10.0.27.jar;C:\Users\ahmed\.m2\repository\org\apache\tomcat\tomcat-catalina-ant\10.0.27\tomcat-catalina-ant-10.0.27.jar;C:\Users\ahmed\.m2\repository\org\apache\tomcat\tomcat-catalina-ha\10.0.27\tomcat-catalina-ha-10.0.27.jar;C:\Users\ahmed\.m2\repository\org\apache\tomcat\tomcat-juli\10.0.27\tomcat-juli-10.0.27.jar;C:\Users\ahmed\.m2\repository\org\apache\tomcat\tomcat-ssi\10.0.27\tomcat-ssi-10.0.27.jar;C:\Users\ahmed\.m2\repository\org\apache\tomcat\tomcat-storeconfig\10.0.27\tomcat-storeconfig-10.0.27.jar;C:\Users\ahmed\.m2\repository\org\apache\tomcat\tomcat-tribes\10.0.27\tomcat-tribes-10.0.27.jar;C:\Users\ahmed\.m2\repository\org\apache\tomcat\tomcat-catalina\10.0.27\tomcat-catalina-10.0.27.jar;C:\Users\ahmed\.m2\repository\org\eclipse\jdt\ecj\3.26.0\ecj-3.26.0.jar;C:\Users\ahmed\.m2\repository\org\apache\tomcat\tomcat-el-api\10.0.27\tomcat-el-api-10.0.27.jar;C:\Users\ahmed\.m2\repository\org\apache\tomcat\jakartaee-migration\1.0.4\jakartaee-migration-1.0.4.jar;C:\Users\ahmed\.m2\repository\org\apache\bcel\bcel\6.5.0\bcel-6.5.0.jar;C:\Users\ahmed\.m2\repository\org\apache\commons\commons-compress\1.21\commons-compress-1.21.jar;C:\Users\ahmed\.m2\repository\commons-io\commons-io\2.11.0\commons-io-2.11.0.jar;C:\Users\ahmed\.m2\repository\org\apache\tomcat\tomcat-jasper-el\10.0.27\tomcat-jasper-el-10.0.27.jar;C:\Users\ahmed\.m2\repository\org\apache\tomcat\tomcat-jasper\10.0.27\tomcat-jasper-10.0.27.jar;C:\Users\ahmed\.m2\repository\org\apache\tomcat\tomcat-jaspic-api\10.0.27\tomcat-jaspic-api-10.0.27.jar;C:\Users\ahmed\.m2\repository\org\apache\tomcat\tomcat-jsp-api\10.0.27\tomcat-jsp-api-10.0.27.jar;C:\Users\ahmed\.m2\repository\org\apache\tomcat\tomcat-servlet-api\10.0.27\tomcat-servlet-api-10.0.27.jar;C:\Users\ahmed\.m2\repository\org\apache\tomcat\tomcat-api\10.0.27\tomcat-api-10.0.27.jar;C:\Users\ahmed\.m2\repository\org\apache\tomcat\tomcat-coyote\10.0.27\tomcat-coyote-10.0.27.jar;C:\Users\ahmed\.m2\repository\org\apache\tomcat\tomcat-dbcp\10.0.27\tomcat-dbcp-10.0.27.jar;C:\Users\ahmed\.m2\repository\org\apache\tomcat\tomcat-i18n-cs\10.0.27\tomcat-i18n-cs-10.0.27.jar;C:\Users\ahmed\.m2\repository\org\apache\tomcat\tomcat-i18n-de\10.0.27\tomcat-i18n-de-10.0.27.jar;C:\Users\ahmed\.m2\repository\org\apache\tomcat\tomcat-i18n-es\10.0.27\tomcat-i18n-es-10.0.27.jar;C:\Users\ahmed\.m2\repository\org\apache\tomcat\tomcat-i18n-fr\10.0.27\tomcat-i18n-fr-10.0.27.jar;C:\Users\ahmed\.m2\repository\org\apache\tomcat\tomcat-i18n-ja\10.0.27\tomcat-i18n-ja-10.0.27.jar;C:\Users\ahmed\.m2\repository\org\apache\tomcat\tomcat-i18n-ko\10.0.27\tomcat-i18n-ko-10.0.27.jar;C:\Users\ahmed\.m2\repository\org\apache\tomcat\tomcat-i18n-pt-BR\10.0.27\tomcat-i18n-pt-BR-10.0.27.jar;C:\Users\ahmed\.m2\repository\org\apache\tomcat\tomcat-i18n-ru\10.0.27\tomcat-i18n-ru-10.0.27.jar;C:\Users\ahmed\.m2\repository\org\apache\tomcat\tomcat-i18n-zh-CN\10.0.27\tomcat-i18n-zh-CN-10.0.27.jar;C:\Users\ahmed\.m2\repository\org\apache\tomcat\tomcat-jdbc\10.0.27\tomcat-jdbc-10.0.27.jar;C:\Users\ahmed\.m2\repository\org\apache\tomcat\tomcat-jni\10.0.27\tomcat-jni-10.0.27.jar;C:\Users\ahmed\.m2\repository\org\apache\tomcat\tomcat-util-scan\10.0.27\tomcat-util-scan-10.0.27.jar;C:\Users\ahmed\.m2\repository\org\apache\tomcat\tomcat-util\10.0.27\tomcat-util-10.0.27.jar;C:\Users\ahmed\.m2\repository\org\apache\tomcat\tomcat-websocket\10.0.27\tomcat-websocket-10.0.27.jar;C:\Users\ahmed\.m2\repository\org\apache\tomcat\tomcat-websocket-api\10.0.27\tomcat-websocket-api-10.0.27.jar;"/>
    <property name="sun.cpu.endian" value="little"/>
    <property name="user.home" value="C:\Users\ahmed"/>
    <property name="user.language" value="fr"/>
    <property name="java.specification.vendor" value="Oracle Corporation"/>
    <property name="java.version.date" value="2023-07-18"/>
    <property name="java.home" value="C:\Program Files\Java\jdk-20"/>
    <property name="file.separator" value="\"/>
    <property name="basedir" value="C:\Users\ahmed\eclipse-workspace\human_ressources"/>
    <property name="style.color" value="always"/>
    <property name="java.vm.compressedOopsMode" value="32-bit"/>
    <property name="line.separator" value="&#10;"/>
    <property name="java.vm.specification.vendor" value="Oracle Corporation"/>
    <property name="java.specification.name" value="Java Platform API Specification"/>
    <property name="surefire.real.class.path" value="C:\Users\ahmed\AppData\Local\Temp\surefire6397452299156779584\surefirebooter-20231025152237911_3.jar"/>
    <property name="user.script" value=""/>
    <property name="sun.management.compiler" value="HotSpot 64-Bit Tiered Compilers"/>
    <property name="java.runtime.version" value="20.0.2+9-78"/>
    <property name="user.name" value="ahmed"/>
    <property name="stdout.encoding" value="Cp1252"/>
    <property name="path.separator" value=";"/>
    <property name="os.version" value="10.0"/>
    <property name="java.runtime.name" value="Java(TM) SE Runtime Environment"/>
    <property name="file.encoding" value="UTF-8"/>
    <property name="java.vm.name" value="Java HotSpot(TM) 64-Bit Server VM"/>
    <property name="localRepository" value="C:\Users\ahmed\.m2\repository"/>
    <property name="java.vendor.url.bug" value="https://bugreport.java.com/bugreport/"/>
    <property name="java.io.tmpdir" value="C:\Users\ahmed\AppData\Local\Temp\"/>
    <property name="java.version" value="20.0.2"/>
    <property name="user.dir" value="C:\Users\ahmed\eclipse-workspace\human_ressources"/>
    <property name="os.arch" value="amd64"/>
    <property name="java.vm.specification.name" value="Java Virtual Machine Specification"/>
    <property name="sun.os.patch.level" value=""/>
    <property name="native.encoding" value="Cp1252"/>
    <property name="java.library.path" value="C:\Program Files\Java\jdk-20\bin;C:\WINDOWS\Sun\Java\bin;C:\WINDOWS\system32;C:\WINDOWS;C:/Users/ahmed/.p2/pool/plugins/org.eclipse.justj.openjdk.hotspot.jre.full.win32.x86_64_17.0.7.v20230425-1502/jre/bin/server;C:/Users/ahmed/.p2/pool/plugins/org.eclipse.justj.openjdk.hotspot.jre.full.win32.x86_64_17.0.7.v20230425-1502/jre/bin;C:\Program Files\Common Files\Oracle\Java\javapath;C:\WINDOWS\system32;C:\WINDOWS;C:\WINDOWS\System32\Wbem;C:\WINDOWS\System32\WindowsPowerShell\v1.0\;C:\WINDOWS\System32\OpenSSH\;C:\Program Files\Git\cmd;C:\Program Files\nodejs\;C:\xampp\php;C:\composer;C:\Program Files\MySQL\MySQL Shell 8.0\bin\;C:\Users\ahmed\AppData\Local\Microsoft\WindowsApps;C:\Users\ahmed\AppData\Local\Programs\Microsoft VS Code\bin;C:\Program Files\nodejs;C:\Users\ahmed\AppData\Roaming\npm;C:\Users\ahmed\AppData\Roaming\Composer\vendor\bin;C:\Program Files\JetBrains\PyCharm Community Edition 2023.1.4\bin;;C:\WINDOWS\System32;;."/>
    <property name="java.vm.info" value="mixed mode, sharing"/>
    <property name="stderr.encoding" value="Cp1252"/>
    <property name="java.vendor" value="Oracle Corporation"/>
    <property name="java.vm.version" value="20.0.2+9-78"/>
    <property name="sun.io.unicode.encoding" value="UnicodeLittle"/>
    <property name="java.class.version" value="64.0"/>
  </properties>
  <testcase name="testAddUser" classname="human_ressources.UserServiceTest" time="7.546">
    <system-out><![CDATA[Hibernate: alter table Equipement modify column maintenanceDate  datetime(6)
Hibernate: alter table Equipement modify column purchaseDate  datetime(6)
Hibernate: alter table orders modify column date_emprunt  datetime(6)
Hibernate: alter table orders modify column date_retour  datetime(6)
Hibernate: alter table Task modify column deadline  datetime(6)
Hibernate: alter table User modify column hireDate  datetime(6)
Hibernate: insert into User (department_id,email,firstName,hireDate,lastName,password,position,role_id,username) values (?,?,?,?,?,?,?,?,?)
]]></system-out>
    <system-err><![CDATA[oct. 25, 2023 3:22:39 PM org.hibernate.jpa.internal.util.LogHelper logPersistenceUnitInformation
INFO: HHH000204: Processing PersistenceUnitInfo [name: hibernate-unit]
oct. 25, 2023 3:22:39 PM org.hibernate.Version logVersion
INFO: HHH000412: Hibernate ORM core version 6.2.2.Final
oct. 25, 2023 3:22:39 PM org.hibernate.cfg.Environment <clinit>
INFO: HHH000406: Using bytecode reflection optimizer
oct. 25, 2023 3:22:40 PM org.hibernate.engine.jdbc.connections.internal.DriverManagerConnectionProviderImpl configure
WARN: HHH10001002: Using built-in connection pool (not intended for production use)
oct. 25, 2023 3:22:40 PM org.hibernate.engine.jdbc.connections.internal.DriverManagerConnectionProviderImpl buildCreator
INFO: HHH10001005: Loaded JDBC driver class: com.mysql.cj.jdbc.Driver
oct. 25, 2023 3:22:40 PM org.hibernate.engine.jdbc.connections.internal.DriverManagerConnectionProviderImpl buildCreator
INFO: HHH10001012: Connecting with JDBC URL [jdbc:mysql://localhost:3306/human_resources?createDatabaseIfNotExist=true]
oct. 25, 2023 3:22:40 PM org.hibernate.engine.jdbc.connections.internal.DriverManagerConnectionProviderImpl buildCreator
INFO: HHH10001001: Connection properties: {password=****, user=root}
oct. 25, 2023 3:22:40 PM org.hibernate.engine.jdbc.connections.internal.DriverManagerConnectionProviderImpl buildCreator
INFO: HHH10001003: Autocommit mode: false
oct. 25, 2023 3:22:40 PM org.hibernate.engine.jdbc.connections.internal.DriverManagerConnectionProviderImpl$PooledConnections <init>
INFO: HHH10001115: Connection pool size: 20 (min=1)
oct. 25, 2023 3:22:42 PM org.hibernate.engine.jdbc.dialect.internal.DialectFactoryImpl logSelectedDialect
INFO: HHH035001: Using dialect: org.hibernate.dialect.MySQL57Dialect, version: 5.7
oct. 25, 2023 3:22:42 PM org.hibernate.engine.jdbc.dialect.internal.DialectFactoryImpl logSelectedDialect
WARN: HHH90000026: MySQL57Dialect has been deprecated; use org.hibernate.dialect.MySQLDialect instead
oct. 25, 2023 3:22:43 PM org.hibernate.bytecode.internal.BytecodeProviderInitiator buildBytecodeProvider
INFO: HHH000021: Bytecode provider name : bytebuddy
oct. 25, 2023 3:22:45 PM org.hibernate.engine.transaction.jta.platform.internal.JtaPlatformInitiator initiateService
INFO: HHH000490: Using JtaPlatform implementation: [org.hibernate.engine.transaction.jta.platform.internal.NoJtaPlatform]
oct. 25, 2023 3:22:45 PM org.hibernate.resource.transaction.backend.jdbc.internal.DdlTransactionIsolatorNonJtaImpl getIsolatedConnection
INFO: HHH10001501: Connection obtained from JdbcConnectionAccess [org.hibernate.engine.jdbc.env.internal.JdbcEnvironmentInitiator$ConnectionProviderJdbcConnectionAccess@2ee4706d] for (non-JTA) DDL execution was not in auto-commit mode; the Connection 'local transaction' will be committed and the Connection will be set into auto-commit mode.
]]></system-err>
  </testcase>
</testsuite>